<?xml version="1.0" encoding="UTF-8"?>
<!-- Generated by org.testng.reporters.JUnitXMLReporter -->
<testsuite ignored="0" hostname="nazar-Latitude-E6540" failures="1" tests="1" name="Add customer Test" time="1.202" errors="0" timestamp="2019-11-14T22:01:51 EET">
  <testcase classname="selenium.AddCustomerTest" name="addCustomer" time="1.177">
    <failure type="java.lang.AssertionError">
      <![CDATA[java.lang.AssertionError
at org.junit.Assert.fail(Assert.java:86)
at org.junit.Assert.fail(Assert.java:95)
at selenium.AddCustomerTest.addCustomer(AddCustomerTest.java:24)
at java.base/java.util.ArrayList.forEach(ArrayList.java:1540)
... Removed 31 stack frames]]>
    </failure>
  </testcase> <!-- addCustomer -->
</testsuite> <!-- Add customer Test -->
