<?xml version="1.0" encoding="UTF-8"?>
<testsuite xmlns:xsi="http://www.w3.org/2001/XMLSchema-instance" xsi:noNamespaceSchemaLocation="https://maven.apache.org/surefire/maven-surefire-plugin/xsd/surefire-test-report-3.0.xsd" version="3.0" name="TestSuite" time="4.039" tests="2" errors="0" skipped="0" failures="2">
  <properties>
    <property name="sun.desktop" value="gnome"/>
    <property name="awt.toolkit" value="sun.awt.X11.XToolkit"/>
    <property name="java.specification.version" value="11"/>
    <property name="sun.cpu.isalist" value=""/>
    <property name="sun.jnu.encoding" value="UTF-8"/>
    <property name="java.class.path" value="/home/nazar/IdeaProjects/seleniumPro/target/test-classes:/home/nazar/IdeaProjects/seleniumPro/target/classes:/home/nazar/.m2/repository/org/testng/testng/7.0.0/testng-7.0.0.jar:/home/nazar/.m2/repository/com/beust/jcommander/1.72/jcommander-1.72.jar:/home/nazar/.m2/repository/log4j/log4j/1.2.17/log4j-1.2.17.jar:/home/nazar/.m2/repository/commons-io/commons-io/2.6/commons-io-2.6.jar:/home/nazar/.m2/repository/org/seleniumhq/selenium/selenium-chrome-driver/3.12.0/selenium-chrome-driver-3.12.0.jar:/home/nazar/.m2/repository/org/seleniumhq/selenium/selenium-api/3.12.0/selenium-api-3.12.0.jar:/home/nazar/.m2/repository/org/seleniumhq/selenium/selenium-remote-driver/3.12.0/selenium-remote-driver-3.12.0.jar:/home/nazar/.m2/repository/net/bytebuddy/byte-buddy/1.8.3/byte-buddy-1.8.3.jar:/home/nazar/.m2/repository/org/apache/commons/commons-exec/1.3/commons-exec-1.3.jar:/home/nazar/.m2/repository/commons-codec/commons-codec/1.10/commons-codec-1.10.jar:/home/nazar/.m2/repository/commons-logging/commons-logging/1.2/commons-logging-1.2.jar:/home/nazar/.m2/repository/com/google/code/gson/gson/2.8.2/gson-2.8.2.jar:/home/nazar/.m2/repository/com/google/guava/guava/23.6-jre/guava-23.6-jre.jar:/home/nazar/.m2/repository/com/google/code/findbugs/jsr305/1.3.9/jsr305-1.3.9.jar:/home/nazar/.m2/repository/org/checkerframework/checker-compat-qual/2.0.0/checker-compat-qual-2.0.0.jar:/home/nazar/.m2/repository/com/google/errorprone/error_prone_annotations/2.1.3/error_prone_annotations-2.1.3.jar:/home/nazar/.m2/repository/com/google/j2objc/j2objc-annotations/1.1/j2objc-annotations-1.1.jar:/home/nazar/.m2/repository/org/codehaus/mojo/animal-sniffer-annotations/1.14/animal-sniffer-annotations-1.14.jar:/home/nazar/.m2/repository/org/apache/httpcomponents/httpclient/4.5.3/httpclient-4.5.3.jar:/home/nazar/.m2/repository/org/apache/httpcomponents/httpcore/4.4.6/httpcore-4.4.6.jar:/home/nazar/.m2/repository/com/squareup/okhttp3/okhttp/3.9.1/okhttp-3.9.1.jar:/home/nazar/.m2/repository/com/squareup/okio/okio/1.13.0/okio-1.13.0.jar:/home/nazar/.m2/repository/org/seleniumhq/selenium/selenium-support/3.12.0/selenium-support-3.12.0.jar:/home/nazar/.m2/repository/org/seleniumhq/selenium/selenium-java/3.12.0/selenium-java-3.12.0.jar:/home/nazar/.m2/repository/org/seleniumhq/selenium/selenium-edge-driver/3.12.0/selenium-edge-driver-3.12.0.jar:/home/nazar/.m2/repository/org/seleniumhq/selenium/selenium-firefox-driver/3.12.0/selenium-firefox-driver-3.12.0.jar:/home/nazar/.m2/repository/org/seleniumhq/selenium/selenium-ie-driver/3.12.0/selenium-ie-driver-3.12.0.jar:/home/nazar/.m2/repository/org/seleniumhq/selenium/selenium-opera-driver/3.12.0/selenium-opera-driver-3.12.0.jar:/home/nazar/.m2/repository/org/seleniumhq/selenium/selenium-safari-driver/3.12.0/selenium-safari-driver-3.12.0.jar:/home/nazar/.m2/repository/com/google/inject/guice/4.2.2/guice-4.2.2.jar:/home/nazar/.m2/repository/javax/inject/javax.inject/1/javax.inject-1.jar:/home/nazar/.m2/repository/aopalliance/aopalliance/1.0/aopalliance-1.0.jar:/home/nazar/.m2/repository/org/uncommons/reportng/1.1.4/reportng-1.1.4.jar:/home/nazar/.m2/repository/velocity/velocity/1.4/velocity-1.4.jar:/home/nazar/.m2/repository/velocity/velocity-dep/1.4/velocity-dep-1.4.jar:/home/nazar/.m2/repository/junit/junit/4.12/junit-4.12.jar:/home/nazar/.m2/repository/org/hamcrest/hamcrest-core/1.3/hamcrest-core-1.3.jar:/home/nazar/.m2/repository/org/junit/jupiter/junit-jupiter-api/5.3.2/junit-jupiter-api-5.3.2.jar:/home/nazar/.m2/repository/org/apiguardian/apiguardian-api/1.0.0/apiguardian-api-1.0.0.jar:/home/nazar/.m2/repository/org/opentest4j/opentest4j/1.1.1/opentest4j-1.1.1.jar:/home/nazar/.m2/repository/org/junit/platform/junit-platform-commons/1.3.2/junit-platform-commons-1.3.2.jar:"/>
    <property name="java.vm.vendor" value="Ubuntu"/>
    <property name="sun.arch.data.model" value="64"/>
    <property name="java.vendor.url" value="https://ubuntu.com/"/>
    <property name="user.timezone" value=""/>
    <property name="java.vm.specification.version" value="11"/>
    <property name="os.name" value="Linux"/>
    <property name="sun.java.launcher" value="SUN_STANDARD"/>
    <property name="user.country" value="US"/>
    <property name="sun.boot.library.path" value="/usr/lib/jvm/java-11-openjdk-amd64/lib"/>
    <property name="sun.java.command" value="/home/nazar/IdeaProjects/seleniumPro/target/surefire/surefirebooter13174607247696420662.jar /home/nazar/IdeaProjects/seleniumPro/target/surefire 2019-11-14T22-01-47_329-jvmRun1 surefire15091564918396620949tmp surefire_012020007096140374758tmp"/>
    <property name="jdk.debug" value="release"/>
    <property name="surefire.test.class.path" value="/home/nazar/IdeaProjects/seleniumPro/target/test-classes:/home/nazar/IdeaProjects/seleniumPro/target/classes:/home/nazar/.m2/repository/org/testng/testng/7.0.0/testng-7.0.0.jar:/home/nazar/.m2/repository/com/beust/jcommander/1.72/jcommander-1.72.jar:/home/nazar/.m2/repository/log4j/log4j/1.2.17/log4j-1.2.17.jar:/home/nazar/.m2/repository/commons-io/commons-io/2.6/commons-io-2.6.jar:/home/nazar/.m2/repository/org/seleniumhq/selenium/selenium-chrome-driver/3.12.0/selenium-chrome-driver-3.12.0.jar:/home/nazar/.m2/repository/org/seleniumhq/selenium/selenium-api/3.12.0/selenium-api-3.12.0.jar:/home/nazar/.m2/repository/org/seleniumhq/selenium/selenium-remote-driver/3.12.0/selenium-remote-driver-3.12.0.jar:/home/nazar/.m2/repository/net/bytebuddy/byte-buddy/1.8.3/byte-buddy-1.8.3.jar:/home/nazar/.m2/repository/org/apache/commons/commons-exec/1.3/commons-exec-1.3.jar:/home/nazar/.m2/repository/commons-codec/commons-codec/1.10/commons-codec-1.10.jar:/home/nazar/.m2/repository/commons-logging/commons-logging/1.2/commons-logging-1.2.jar:/home/nazar/.m2/repository/com/google/code/gson/gson/2.8.2/gson-2.8.2.jar:/home/nazar/.m2/repository/com/google/guava/guava/23.6-jre/guava-23.6-jre.jar:/home/nazar/.m2/repository/com/google/code/findbugs/jsr305/1.3.9/jsr305-1.3.9.jar:/home/nazar/.m2/repository/org/checkerframework/checker-compat-qual/2.0.0/checker-compat-qual-2.0.0.jar:/home/nazar/.m2/repository/com/google/errorprone/error_prone_annotations/2.1.3/error_prone_annotations-2.1.3.jar:/home/nazar/.m2/repository/com/google/j2objc/j2objc-annotations/1.1/j2objc-annotations-1.1.jar:/home/nazar/.m2/repository/org/codehaus/mojo/animal-sniffer-annotations/1.14/animal-sniffer-annotations-1.14.jar:/home/nazar/.m2/repository/org/apache/httpcomponents/httpclient/4.5.3/httpclient-4.5.3.jar:/home/nazar/.m2/repository/org/apache/httpcomponents/httpcore/4.4.6/httpcore-4.4.6.jar:/home/nazar/.m2/repository/com/squareup/okhttp3/okhttp/3.9.1/okhttp-3.9.1.jar:/home/nazar/.m2/repository/com/squareup/okio/okio/1.13.0/okio-1.13.0.jar:/home/nazar/.m2/repository/org/seleniumhq/selenium/selenium-support/3.12.0/selenium-support-3.12.0.jar:/home/nazar/.m2/repository/org/seleniumhq/selenium/selenium-java/3.12.0/selenium-java-3.12.0.jar:/home/nazar/.m2/repository/org/seleniumhq/selenium/selenium-edge-driver/3.12.0/selenium-edge-driver-3.12.0.jar:/home/nazar/.m2/repository/org/seleniumhq/selenium/selenium-firefox-driver/3.12.0/selenium-firefox-driver-3.12.0.jar:/home/nazar/.m2/repository/org/seleniumhq/selenium/selenium-ie-driver/3.12.0/selenium-ie-driver-3.12.0.jar:/home/nazar/.m2/repository/org/seleniumhq/selenium/selenium-opera-driver/3.12.0/selenium-opera-driver-3.12.0.jar:/home/nazar/.m2/repository/org/seleniumhq/selenium/selenium-safari-driver/3.12.0/selenium-safari-driver-3.12.0.jar:/home/nazar/.m2/repository/com/google/inject/guice/4.2.2/guice-4.2.2.jar:/home/nazar/.m2/repository/javax/inject/javax.inject/1/javax.inject-1.jar:/home/nazar/.m2/repository/aopalliance/aopalliance/1.0/aopalliance-1.0.jar:/home/nazar/.m2/repository/org/uncommons/reportng/1.1.4/reportng-1.1.4.jar:/home/nazar/.m2/repository/velocity/velocity/1.4/velocity-1.4.jar:/home/nazar/.m2/repository/velocity/velocity-dep/1.4/velocity-dep-1.4.jar:/home/nazar/.m2/repository/junit/junit/4.12/junit-4.12.jar:/home/nazar/.m2/repository/org/hamcrest/hamcrest-core/1.3/hamcrest-core-1.3.jar:/home/nazar/.m2/repository/org/junit/jupiter/junit-jupiter-api/5.3.2/junit-jupiter-api-5.3.2.jar:/home/nazar/.m2/repository/org/apiguardian/apiguardian-api/1.0.0/apiguardian-api-1.0.0.jar:/home/nazar/.m2/repository/org/opentest4j/opentest4j/1.1.1/opentest4j-1.1.1.jar:/home/nazar/.m2/repository/org/junit/platform/junit-platform-commons/1.3.2/junit-platform-commons-1.3.2.jar:"/>
    <property name="sun.cpu.endian" value="little"/>
    <property name="user.home" value="/home/nazar"/>
    <property name="user.language" value="en"/>
    <property name="java.specification.vendor" value="Oracle Corporation"/>
    <property name="java.version.date" value="2019-07-16"/>
    <property name="java.home" value="/usr/lib/jvm/java-11-openjdk-amd64"/>
    <property name="file.separator" value="/"/>
    <property name="basedir" value="/home/nazar/IdeaProjects/seleniumPro"/>
    <property name="java.vm.compressedOopsMode" value="Zero based"/>
    <property name="line.separator" value="&#10;"/>
    <property name="java.specification.name" value="Java Platform API Specification"/>
    <property name="java.vm.specification.vendor" value="Oracle Corporation"/>
    <property name="java.awt.graphicsenv" value="sun.awt.X11GraphicsEnvironment"/>
    <property name="surefire.real.class.path" value="/home/nazar/IdeaProjects/seleniumPro/target/surefire/surefirebooter13174607247696420662.jar"/>
    <property name="sun.management.compiler" value="HotSpot 64-Bit Tiered Compilers"/>
    <property name="java.runtime.version" value="11.0.4+11-post-Ubuntu-1ubuntu218.04.3"/>
    <property name="user.name" value="nazar"/>
    <property name="path.separator" value=":"/>
    <property name="os.version" value="5.0.0-36-generic"/>
    <property name="java.runtime.name" value="OpenJDK Runtime Environment"/>
    <property name="file.encoding" value="UTF-8"/>
    <property name="java.vm.name" value="OpenJDK 64-Bit Server VM"/>
    <property name="localRepository" value="/home/nazar/.m2/repository"/>
    <property name="java.vendor.url.bug" value="https://bugs.launchpad.net/ubuntu/+source/openjdk-lts"/>
    <property name="java.io.tmpdir" value="/tmp"/>
    <property name="java.version" value="11.0.4"/>
    <property name="user.dir" value="/home/nazar/IdeaProjects/seleniumPro"/>
    <property name="os.arch" value="amd64"/>
    <property name="java.vm.specification.name" value="Java Virtual Machine Specification"/>
    <property name="java.awt.printerjob" value="sun.print.PSPrinterJob"/>
    <property name="sun.os.patch.level" value="unknown"/>
    <property name="java.library.path" value="/usr/java/packages/lib:/usr/lib/x86_64-linux-gnu/jni:/lib/x86_64-linux-gnu:/usr/lib/x86_64-linux-gnu:/usr/lib/jni:/lib:/usr/lib"/>
    <property name="java.vendor" value="Ubuntu"/>
    <property name="java.vm.info" value="mixed mode, sharing"/>
    <property name="java.vm.version" value="11.0.4+11-post-Ubuntu-1ubuntu218.04.3"/>
    <property name="sun.io.unicode.encoding" value="UnicodeLittle"/>
    <property name="java.class.version" value="55.0"/>
  </properties>
  <testcase name="addCustomer" classname="selenium.AddCustomerTest" time="1.185">
    <failure type="java.lang.AssertionError">java.lang.AssertionError
	at selenium.AddCustomerTest.addCustomer(AddCustomerTest.java:24)
</failure>
    <system-err><![CDATA[Starting ChromeDriver 76.0.3809.126 (d80a294506b4c9d18015e755cee48f953ddc3f2f-refs/branch-heads/3809@{#1024}) on port 7699
Only local connections are allowed.
Please protect ports used by ChromeDriver and related test frameworks to prevent access by malicious code.
Nov 14, 2019 10:01:48 PM org.openqa.selenium.remote.ProtocolHandshake createSession
INFO: Detected dialect: W3C
]]></system-err>
  </testcase>
  <testcase name="loginAsBankManager" classname="selenium.BankManagerLoginTest" time="0.017">
    <failure message="unexpected alert open: {Alert text : Customer added successfully with customer id :6}&#10;  (Session info: chrome=76.0.3809.132): Customer added successfully with customer id :6&#10;Build info: version: &apos;3.12.0&apos;, revision: &apos;7c6e0b3&apos;, time: &apos;2018-05-08T14:04:26.12Z&apos;&#10;System info: host: &apos;nazar-Latitude-E6540&apos;, ip: &apos;127.0.1.1&apos;, os.name: &apos;Linux&apos;, os.arch: &apos;amd64&apos;, os.version: &apos;5.0.0-36-generic&apos;, java.version: &apos;11.0.4&apos;&#10;Driver info: org.openqa.selenium.chrome.ChromeDriver&#10;Capabilities {acceptInsecureCerts: false, browserName: chrome, browserVersion: 76.0.3809.132, chrome: {chromedriverVersion: 76.0.3809.126 (d80a294506b4..., userDataDir: /tmp/.com.google.Chrome.Y1dgfW}, goog:chromeOptions: {debuggerAddress: localhost:44519}, javascriptEnabled: true, networkConnectionEnabled: false, pageLoadStrategy: normal, platform: LINUX, platformName: LINUX, proxy: Proxy(), setWindowRect: true, strictFileInteractability: false, timeouts: {implicit: 0, pageLoad: 300000, script: 30000}, unhandledPromptBehavior: dismiss and notify}&#10;Session ID: 90e8eac0e028f3bcd35dfd3ed43793b6&#10;*** Element info: {Using=css selector, value=button[ng-click=&quot;manager()&quot;]}" type="org.openqa.selenium.UnhandledAlertException">org.openqa.selenium.UnhandledAlertException: 
unexpected alert open: {Alert text : Customer added successfully with customer id :6}
  (Session info: chrome=76.0.3809.132): Customer added successfully with customer id :6
Build info: version: '3.12.0', revision: '7c6e0b3', time: '2018-05-08T14:04:26.12Z'
System info: host: 'nazar-Latitude-E6540', ip: '127.0.1.1', os.name: 'Linux', os.arch: 'amd64', os.version: '5.0.0-36-generic', java.version: '11.0.4'
Driver info: org.openqa.selenium.chrome.ChromeDriver
Capabilities {acceptInsecureCerts: false, browserName: chrome, browserVersion: 76.0.3809.132, chrome: {chromedriverVersion: 76.0.3809.126 (d80a294506b4..., userDataDir: /tmp/.com.google.Chrome.Y1dgfW}, goog:chromeOptions: {debuggerAddress: localhost:44519}, javascriptEnabled: true, networkConnectionEnabled: false, pageLoadStrategy: normal, platform: LINUX, platformName: LINUX, proxy: Proxy(), setWindowRect: true, strictFileInteractability: false, timeouts: {implicit: 0, pageLoad: 300000, script: 30000}, unhandledPromptBehavior: dismiss and notify}
Session ID: 90e8eac0e028f3bcd35dfd3ed43793b6
*** Element info: {Using=css selector, value=button[ng-click="manager()"]}
	at selenium.BankManagerLoginTest.loginAsBankManager(BankManagerLoginTest.java:13)
</failure>
  </testcase>
</testsuite>